0 info it worked if it ends with ok
1 verbose cli [ '/Users/benito_gallardo/.nvm/versions/node/v6.9.2/bin/node',
1 verbose cli   '/Users/benito_gallardo/.nvm/versions/node/v6.9.2/bin/npm',
1 verbose cli   'version',
1 verbose cli   '0.3.0' ]
2 info using npm@3.10.9
3 info using node@v6.9.2
4 info git [ 'status', '--porcelain' ]
5 info lifecycle obox@0.3.0~preversion: obox@0.3.0
6 silly lifecycle obox@0.3.0~preversion: no script for preversion, continuing
7 verbose version.write data { name: 'obox',
7 verbose version.write   version: '0.3.0',
7 verbose version.write   description: '',
7 verbose version.write   main: '',
7 verbose version.write   repository:
7 verbose version.write    { type: 'git',
7 verbose version.write      url: 'git+https://github.com/volusiondx/obox.git' },
7 verbose version.write   author: 'Benito Gallardo',
7 verbose version.write   license: 'MIT',
7 verbose version.write   bugs: { url: 'https://github.com/volusiondx/obox/issues' },
7 verbose version.write   homepage: 'https://github.com/volusiondx/obox',
7 verbose version.write   scripts:
7 verbose version.write    { build: 'gulp build',
7 verbose version.write      version: 'npm run build && git add -A js/bin' },
7 verbose version.write   devDependencies:
7 verbose version.write    { del: '2.2.0',
7 verbose version.write      gulp: '3.9.1',
7 verbose version.write      'gulp-concat': '2.6.0',
7 verbose version.write      'gulp-rename': '1.2.2',
7 verbose version.write      'gulp-uglify': '1.5.3' } } to package.json
8 info lifecycle obox@0.3.0~version: obox@0.3.0
9 verbose lifecycle obox@0.3.0~version: unsafe-perm in lifecycle true
10 verbose lifecycle obox@0.3.0~version: PATH: /Users/benito_gallardo/.nvm/versions/node/v6.9.2/lib/node_modules/npm/bin/node-gyp-bin:/Users/benito_gallardo/Documents/htdocs/obox/node_modules/.bin:/Users/benito_gallardo/.nvm/versions/node/v6.9.2/bin:/Library/Frameworks/Python.framework/Versions/3.7/bin:/Applications/google-cloud-sdk/bin:/bin:/sbin:/usr/bin:/usr/local/sbin:/usr/local/bin:/Users/benito_gallardo/.local/bin:/usr/local/bin:/usr/bin:/bin:/usr/sbin:/sbin:/Library/Frameworks/Python.framework/Versions/3.7/bin:/Applications/google-cloud-sdk/bin:/usr/local/sbin:/Users/benito_gallardo/.local/bin:/Users/benito_gallardo/Library/Android/sdk/tools:/Users/benito_gallardo/Library/Android/sdk/tools/bin:/Users/benito_gallardo/Library/Android/sdk/platform-tools:/Users/benito_gallardo/Library/Android/sdk/tools:/Users/benito_gallardo/Library/Android/sdk/tools/bin:/Users/benito_gallardo/Library/Android/sdk/platform-tools
11 verbose lifecycle obox@0.3.0~version: CWD: /Users/benito_gallardo/Documents/htdocs/obox
12 silly lifecycle obox@0.3.0~version: Args: [ '-c', 'npm run build && git add -A js/bin' ]
13 silly lifecycle obox@0.3.0~version: Returned: code: 1  signal: null
14 info lifecycle obox@0.3.0~version: Failed to exec version script
15 verbose stack Error: obox@0.3.0 version: `npm run build && git add -A js/bin`
15 verbose stack Exit status 1
15 verbose stack     at EventEmitter.<anonymous> (/Users/benito_gallardo/.nvm/versions/node/v6.9.2/lib/node_modules/npm/lib/utils/lifecycle.js:255:16)
15 verbose stack     at emitTwo (events.js:106:13)
15 verbose stack     at EventEmitter.emit (events.js:191:7)
15 verbose stack     at ChildProcess.<anonymous> (/Users/benito_gallardo/.nvm/versions/node/v6.9.2/lib/node_modules/npm/lib/utils/spawn.js:40:14)
15 verbose stack     at emitTwo (events.js:106:13)
15 verbose stack     at ChildProcess.emit (events.js:191:7)
15 verbose stack     at maybeClose (internal/child_process.js:877:16)
15 verbose stack     at Process.ChildProcess._handle.onexit (internal/child_process.js:226:5)
16 verbose pkgid obox@0.3.0
17 verbose cwd /Users/benito_gallardo/Documents/htdocs/obox
18 error Darwin 17.7.0
19 error argv "/Users/benito_gallardo/.nvm/versions/node/v6.9.2/bin/node" "/Users/benito_gallardo/.nvm/versions/node/v6.9.2/bin/npm" "version" "0.3.0"
20 error node v6.9.2
21 error npm  v3.10.9
22 error code ELIFECYCLE
23 error obox@0.3.0 version: `npm run build && git add -A js/bin`
23 error Exit status 1
24 error Failed at the obox@0.3.0 version script 'npm run build && git add -A js/bin'.
24 error Make sure you have the latest version of node.js and npm installed.
24 error If you do, this is most likely a problem with the obox package,
24 error not with npm itself.
24 error Tell the author that this fails on your system:
24 error     npm run build && git add -A js/bin
24 error You can get information on how to open an issue for this project with:
24 error     npm bugs obox
24 error Or if that isn't available, you can get their info via:
24 error     npm owner ls obox
24 error There is likely additional logging output above.
25 verbose exit [ 1, true ]
